<?xml version="1.0" encoding="UTF-8"?>
<!-- Generated by org.testng.reporters.JUnitReportReporter -->
<testsuite hostname="Roneet-MH" failures="0" tests="1" name="PracticeTests.Test1" time="6.797" errors="0" timestamp="2023-05-04T18:19:02 IST" skipped="0">
  <testcase classname="PracticeTests.Test1" name="HomePagePopDisplayedOrNot" time="6.797"/>
  <system-out/>
</testsuite> <!-- PracticeTests.Test1 -->
