<?xml version="1.0" encoding="UTF-8"?>
<!-- Generated by org.testng.reporters.JUnitReportReporter -->
<testsuite hostname="Roneet-MH" failures="0" tests="1" name="sampleTest.Test1" time="8.227" errors="0" timestamp="2023-05-04T16:05:04 IST" skipped="0">
  <testcase classname="sampleTest.Test1" name="Test12" time="8.227"/>
  <system-out/>
</testsuite> <!-- sampleTest.Test1 -->
