<?xml version="1.0" encoding="UTF-8"?>
<!-- Generated by org.testng.reporters.JUnitReportReporter -->
<testsuite hostname="Roneet-MH" failures="0" tests="1" name="testBase.BStackTakeScreenshot" time="13.274" errors="0" timestamp="2023-05-05T13:53:33 IST" skipped="0">
  <testcase classname="testBase.BStackTakeScreenshot" name="testBStackTakeScreenShot" time="13.274"/>
  <system-out/>
</testsuite> <!-- testBase.BStackTakeScreenshot -->
